<?xml version="1.0" encoding="UTF-8"?>
<!-- Generated by org.testng.reporters.JUnitReportReporter -->
<testsuite skipped="0" hostname="DESKTOP-UP7RVKK" name="khanAcadmey.TestKhanAcadmey" tests="1" failures="0" timestamp="09 Nov 2020 05:20:07 GMT" time="18.259" errors="0">
  <testcase name="searchPraxisCore" time="18.259" classname="khanAcadmey.TestKhanAcadmey"/>
</testsuite> <!-- khanAcadmey.TestKhanAcadmey -->
